I, [2015-08-07T10:30:13.720354 #59509]  INFO -- : (0.006602s) SET standard_conforming_strings = ON
I, [2015-08-07T10:30:13.720858 #59509]  INFO -- : (0.000279s) SET client_min_messages = 'WARNING'
I, [2015-08-07T10:30:13.721230 #59509]  INFO -- : (0.000269s) SET DateStyle = 'ISO'
I, [2015-08-07T10:30:13.729988 #59509]  INFO -- : (0.008218s) CREATE TABLE IF NOT EXISTS "schema_info" ("version" integer DEFAULT 0 NOT NULL)
I, [2015-08-07T10:30:13.731391 #59509]  INFO -- : (0.001158s) SELECT * FROM "schema_info" LIMIT 1
I, [2015-08-07T10:30:13.731870 #59509]  INFO -- : (0.000211s) SELECT 1 AS "one" FROM "schema_info" LIMIT 1
I, [2015-08-07T10:30:13.733735 #59509]  INFO -- : (0.001641s) SELECT pg_attribute.attname AS pk FROM pg_class, pg_attribute, pg_index, pg_namespace WHERE pg_class.oid = pg_attribute.attrelid AND pg_class.relnamespace = pg_namespace.oid AND pg_class.oid = pg_index.indrelid AND pg_index.indkey[0] = pg_attribute.attnum AND pg_index.indisprimary = 't' AND pg_class.oid = CAST(CAST('"schema_info"' AS regclass) AS oid)
I, [2015-08-07T10:30:13.734466 #59509]  INFO -- : (0.000436s) INSERT INTO "schema_info" ("version") VALUES (0) RETURNING NULL
I, [2015-08-07T10:30:13.735506 #59509]  INFO -- : (0.000814s) SELECT count(*) AS "count" FROM "schema_info" LIMIT 1
I, [2015-08-07T10:30:13.735832 #59509]  INFO -- : (0.000163s) SELECT "version" FROM "schema_info" LIMIT 1
I, [2015-08-07T10:30:13.736159 #59509]  INFO -- : Begin applying migration version 1, direction: up
I, [2015-08-07T10:30:13.736357 #59509]  INFO -- : (0.000108s) BEGIN
I, [2015-08-07T10:30:13.740922 #59509]  INFO -- : (0.004339s) CREATE TABLE "posts" ("id" serial PRIMARY KEY, "name" text NOT NULL)
I, [2015-08-07T10:30:13.741272 #59509]  INFO -- : (0.000175s) UPDATE "schema_info" SET "version" = 1
I, [2015-08-07T10:30:13.741733 #59509]  INFO -- : (0.000398s) COMMIT
I, [2015-08-07T10:30:13.741799 #59509]  INFO -- : Finished applying migration version 1, direction: up, took 0.005637 seconds
I, [2015-08-07T10:39:44.609169 #59907]  INFO -- : (0.000226s) SET standard_conforming_strings = ON
I, [2015-08-07T10:39:44.609405 #59907]  INFO -- : (0.000137s) SET client_min_messages = 'WARNING'
I, [2015-08-07T10:39:44.609610 #59907]  INFO -- : (0.000167s) SET DateStyle = 'ISO'
I, [2015-08-07T10:39:44.614289 #59907]  INFO -- : (0.004113s) SELECT "pg_attribute"."attname" AS "name", CAST("pg_attribute"."atttypid" AS integer) AS "oid", CAST("basetype"."oid" AS integer) AS "base_oid", format_type("basetype"."oid", "pg_type"."typtypmod") AS "db_base_type", format_type("pg_type"."oid", "pg_attribute"."atttypmod") AS "db_type", pg_get_expr("pg_attrdef"."adbin", "pg_class"."oid") AS "default", NOT "pg_attribute"."attnotnull" AS "allow_null", COALESCE(("pg_attribute"."attnum" = ANY("pg_index"."indkey")), false) AS "primary_key" FROM "pg_class" INNER JOIN "pg_attribute" ON ("pg_attribute"."attrelid" = "pg_class"."oid") INNER JOIN "pg_type" ON ("pg_type"."oid" = "pg_attribute"."atttypid") LEFT OUTER JOIN "pg_type" AS "basetype" ON ("basetype"."oid" = "pg_type"."typbasetype") LEFT OUTER JOIN "pg_attrdef" ON (("pg_attrdef"."adrelid" = "pg_class"."oid") AND ("pg_attrdef"."adnum" = "pg_attribute"."attnum")) LEFT OUTER JOIN "pg_index" ON (("pg_index"."indrelid" = "pg_class"."oid") AND ("pg_index"."indisprimary" IS TRUE)) WHERE (("pg_attribute"."attisdropped" IS FALSE) AND ("pg_attribute"."attnum" > 0) AND ("pg_class"."oid" = CAST(CAST('"posts"' AS regclass) AS oid))) ORDER BY "pg_attribute"."attnum"
I, [2015-08-07T10:40:02.381088 #59938]  INFO -- : (0.000204s) SET standard_conforming_strings = ON
I, [2015-08-07T10:40:02.381297 #59938]  INFO -- : (0.000134s) SET client_min_messages = 'WARNING'
I, [2015-08-07T10:40:02.381502 #59938]  INFO -- : (0.000138s) SET DateStyle = 'ISO'
I, [2015-08-07T10:40:02.384391 #59938]  INFO -- : (0.002320s) SELECT "pg_attribute"."attname" AS "name", CAST("pg_attribute"."atttypid" AS integer) AS "oid", CAST("basetype"."oid" AS integer) AS "base_oid", format_type("basetype"."oid", "pg_type"."typtypmod") AS "db_base_type", format_type("pg_type"."oid", "pg_attribute"."atttypmod") AS "db_type", pg_get_expr("pg_attrdef"."adbin", "pg_class"."oid") AS "default", NOT "pg_attribute"."attnotnull" AS "allow_null", COALESCE(("pg_attribute"."attnum" = ANY("pg_index"."indkey")), false) AS "primary_key" FROM "pg_class" INNER JOIN "pg_attribute" ON ("pg_attribute"."attrelid" = "pg_class"."oid") INNER JOIN "pg_type" ON ("pg_type"."oid" = "pg_attribute"."atttypid") LEFT OUTER JOIN "pg_type" AS "basetype" ON ("basetype"."oid" = "pg_type"."typbasetype") LEFT OUTER JOIN "pg_attrdef" ON (("pg_attrdef"."adrelid" = "pg_class"."oid") AND ("pg_attrdef"."adnum" = "pg_attribute"."attnum")) LEFT OUTER JOIN "pg_index" ON (("pg_index"."indrelid" = "pg_class"."oid") AND ("pg_index"."indisprimary" IS TRUE)) WHERE (("pg_attribute"."attisdropped" IS FALSE) AND ("pg_attribute"."attnum" > 0) AND ("pg_class"."oid" = CAST(CAST('"posts"' AS regclass) AS oid))) ORDER BY "pg_attribute"."attnum"
I, [2015-08-07T10:40:02.401032 #59938]  INFO -- : (0.000278s) CREATE TABLE IF NOT EXISTS "schema_info" ("version" integer DEFAULT 0 NOT NULL)
I, [2015-08-07T10:40:02.401613 #59938]  INFO -- : (0.000311s) SELECT * FROM "schema_info" LIMIT 1
I, [2015-08-07T10:40:02.402045 #59938]  INFO -- : (0.000191s) SELECT 1 AS "one" FROM "schema_info" LIMIT 1
I, [2015-08-07T10:40:02.402470 #59938]  INFO -- : (0.000236s) SELECT count(*) AS "count" FROM "schema_info" LIMIT 1
I, [2015-08-07T10:40:02.402861 #59938]  INFO -- : (0.000140s) SELECT "version" FROM "schema_info" LIMIT 1
I, [2015-08-07T10:40:10.393660 #59974]  INFO -- : (0.000218s) SET standard_conforming_strings = ON
I, [2015-08-07T10:40:10.393904 #59974]  INFO -- : (0.000138s) SET client_min_messages = 'WARNING'
I, [2015-08-07T10:40:10.394021 #59974]  INFO -- : (0.000074s) SET DateStyle = 'ISO'
I, [2015-08-07T10:40:10.396937 #59974]  INFO -- : (0.002359s) SELECT "pg_attribute"."attname" AS "name", CAST("pg_attribute"."atttypid" AS integer) AS "oid", CAST("basetype"."oid" AS integer) AS "base_oid", format_type("basetype"."oid", "pg_type"."typtypmod") AS "db_base_type", format_type("pg_type"."oid", "pg_attribute"."atttypmod") AS "db_type", pg_get_expr("pg_attrdef"."adbin", "pg_class"."oid") AS "default", NOT "pg_attribute"."attnotnull" AS "allow_null", COALESCE(("pg_attribute"."attnum" = ANY("pg_index"."indkey")), false) AS "primary_key" FROM "pg_class" INNER JOIN "pg_attribute" ON ("pg_attribute"."attrelid" = "pg_class"."oid") INNER JOIN "pg_type" ON ("pg_type"."oid" = "pg_attribute"."atttypid") LEFT OUTER JOIN "pg_type" AS "basetype" ON ("basetype"."oid" = "pg_type"."typbasetype") LEFT OUTER JOIN "pg_attrdef" ON (("pg_attrdef"."adrelid" = "pg_class"."oid") AND ("pg_attrdef"."adnum" = "pg_attribute"."attnum")) LEFT OUTER JOIN "pg_index" ON (("pg_index"."indrelid" = "pg_class"."oid") AND ("pg_index"."indisprimary" IS TRUE)) WHERE (("pg_attribute"."attisdropped" IS FALSE) AND ("pg_attribute"."attnum" > 0) AND ("pg_class"."oid" = CAST(CAST('"posts"' AS regclass) AS oid))) ORDER BY "pg_attribute"."attnum"
I, [2015-08-07T10:40:20.629328 #59974]  INFO -- : (0.001009s) SELECT count(*) AS "count" FROM "posts" LIMIT 1
I, [2015-08-07T10:46:27.935061 #60125]  INFO -- : (0.000224s) SET standard_conforming_strings = ON
I, [2015-08-07T10:46:27.935317 #60125]  INFO -- : (0.000167s) SET client_min_messages = 'WARNING'
I, [2015-08-07T10:46:27.935472 #60125]  INFO -- : (0.000107s) SET DateStyle = 'ISO'
I, [2015-08-07T10:46:27.938392 #60125]  INFO -- : (0.002352s) SELECT "pg_attribute"."attname" AS "name", CAST("pg_attribute"."atttypid" AS integer) AS "oid", CAST("basetype"."oid" AS integer) AS "base_oid", format_type("basetype"."oid", "pg_type"."typtypmod") AS "db_base_type", format_type("pg_type"."oid", "pg_attribute"."atttypmod") AS "db_type", pg_get_expr("pg_attrdef"."adbin", "pg_class"."oid") AS "default", NOT "pg_attribute"."attnotnull" AS "allow_null", COALESCE(("pg_attribute"."attnum" = ANY("pg_index"."indkey")), false) AS "primary_key" FROM "pg_class" INNER JOIN "pg_attribute" ON ("pg_attribute"."attrelid" = "pg_class"."oid") INNER JOIN "pg_type" ON ("pg_type"."oid" = "pg_attribute"."atttypid") LEFT OUTER JOIN "pg_type" AS "basetype" ON ("basetype"."oid" = "pg_type"."typbasetype") LEFT OUTER JOIN "pg_attrdef" ON (("pg_attrdef"."adrelid" = "pg_class"."oid") AND ("pg_attrdef"."adnum" = "pg_attribute"."attnum")) LEFT OUTER JOIN "pg_index" ON (("pg_index"."indrelid" = "pg_class"."oid") AND ("pg_index"."indisprimary" IS TRUE)) WHERE (("pg_attribute"."attisdropped" IS FALSE) AND ("pg_attribute"."attnum" > 0) AND ("pg_class"."oid" = CAST(CAST('"posts"' AS regclass) AS oid))) ORDER BY "pg_attribute"."attnum"
I, [2015-08-07T10:46:42.535747 #60125]  INFO -- : (0.000866s) SELECT count(*) AS "count" FROM "posts" LIMIT 1
I, [2015-08-07T10:46:48.566919 #60125]  INFO -- : (0.000243s) BEGIN
I, [2015-08-07T10:46:48.568286 #60125]  INFO -- : (0.000850s) INSERT INTO "posts" ("name") VALUES ('tom') RETURNING *
I, [2015-08-07T10:46:48.569724 #60125]  INFO -- : (0.001251s) COMMIT
I, [2015-08-07T10:46:50.310588 #60125]  INFO -- : (0.000445s) SELECT count(*) AS "count" FROM "posts" LIMIT 1
I, [2015-08-07T10:46:53.640793 #60125]  INFO -- : (0.000433s) SELECT * FROM "posts" LIMIT 1
